\BOOKMARK [0][-]{chapter.1}{ Introduction}{}% 1
\BOOKMARK [0][-]{chapter.2}{ Spatial Reuse in IEEE 802.11 WLANs: Technology}{}% 2
\BOOKMARK [1][-]{section.2.1}{Related Work}{chapter.2}% 3
\BOOKMARK [2][-]{subsection.2.1.1}{Spatial Reuse in Wireless Networks}{section.2.1}% 4
\BOOKMARK [2][-]{subsection.2.1.2}{Spatial Reuse in IEEE 802.11 WLANs}{section.2.1}% 5
\BOOKMARK [1][-]{section.2.2}{Spatial Reuse in IEEE 802.11ax}{chapter.2}% 6
\BOOKMARK [2][-]{subsection.2.2.1}{OBSS/PD-based Spatial Reuse}{section.2.2}% 7
\BOOKMARK [2][-]{subsection.2.2.2}{Parametrized Spatial Reuse}{section.2.2}% 8
\BOOKMARK [1][-]{section.2.3}{Spatial Reuse in Future IEEE 802.11 WLANs}{chapter.2}% 9
\BOOKMARK [0][-]{chapter.3}{ Machine Learning in IEEE 802.11 WLANs}{}% 10
\BOOKMARK [1][-]{section.3.1}{Related Work}{chapter.3}% 11
\BOOKMARK [1][-]{section.3.2}{Multi-Armed Bandits for Decentralized Spatial Reuse}{chapter.3}% 12
\BOOKMARK [0][-]{chapter.4}{ Methodology and Enablers}{}% 13
\BOOKMARK [1][-]{section.4.1}{Model and Simulation of Spatial Reuse}{chapter.4}% 14
\BOOKMARK [1][-]{section.4.2}{Architectural Aspects of Machine-Learning-Aware Networks}{chapter.4}% 15
\BOOKMARK [0][-]{chapter.5}{ Performance Evaluation}{}% 16
\BOOKMARK [0][-]{chapter.6}{ Conclusions}{}% 17
\BOOKMARK [0][-]{chapter.7}{ Publications}{}% 18
\BOOKMARK [1][-]{section.7.1}{Spatial Reuse in IEEE 802.11 ax WLANs}{chapter.7}% 19
\BOOKMARK [1][-]{section.7.2}{On the Performance of the Spatial Reuse Operation in IEEE 802.11 ax WLANs}{chapter.7}% 20
\BOOKMARK [1][-]{section.7.3}{Implications of decentralized Q-learning resource allocation in wireless networks}{chapter.7}% 21
\BOOKMARK [1][-]{section.7.4}{Collaborative spatial reuse in wireless networks via selfish multi-armed bandits}{chapter.7}% 22
\BOOKMARK [1][-]{section.7.5}{Potential and pitfalls of multi-armed bandits for decentralized spatial reuse in WLANs}{chapter.7}% 23
\BOOKMARK [1][-]{section.7.6}{A Flexible Machine-Learning-Aware Architecture for Future WLANs. IEEE Communications Magazine}{chapter.7}% 24
\BOOKMARK [1][-]{section.7.7}{Komondor: a wireless network simulator for next-generation high-density WLANs}{chapter.7}% 25
\BOOKMARK [1][-]{section.7.8}{Usage of Network Simulators in Machine-Learning-Assisted 5G/6G Networks}{chapter.7}% 26
