This is pdfTeX, Version 3.14159265-2.6-1.40.17 (TeX Live 2016) (preloaded format=pdflatex 2016.12.1)  14 MAY 2020 09:16
entering extended mode
 restricted \write18 enabled.
 %&-line parsing enabled.
**thesis_main_doc.tex
(./thesis_main_doc.tex
LaTeX2e <2016/03/31>
Babel <3.9r> and hyphenation patterns for 83 language(s) loaded.
(./tesi_upf.cls

LaTeX Warning: You have requested document class `tesi_upf',
               but the document class provides `book'.

Document Class: book 2005/09/16 v1.4f Standard LaTeX document class
(/usr/local/texlive/2016/texmf-dist/tex/latex/base/bk12.clo
File: bk12.clo 2014/09/29 v1.4h Standard LaTeX file (size option)
)
\c@part=\count79
\c@chapter=\count80
\c@section=\count81
\c@subsection=\count82
\c@subsubsection=\count83
\c@paragraph=\count84
\c@subparagraph=\count85
\c@figure=\count86
\c@table=\count87
\abovecaptionskip=\skip41
\belowcaptionskip=\skip42
\bibindent=\dimen102
)
(/usr/local/texlive/2016/texmf-dist/tex/latex/base/inputenc.sty
Package: inputenc 2015/03/17 v1.2c Input encoding file
\inpenc@prehook=\toks14
\inpenc@posthook=\toks15

(/usr/local/texlive/2016/texmf-dist/tex/latex/base/latin1.def
File: latin1.def 2015/03/17 v1.2c Input encoding file
))
(/usr/local/texlive/2016/texmf-dist/tex/generic/babel/babel.sty
Package: babel 2016/04/23 3.9r The Babel package

(/usr/local/texlive/2016/texmf-dist/tex/generic/babel-catalan/catalan.ldf
Language: catalan 2005/03/29 v2.2p Catalan support from the babel system

(/usr/local/texlive/2016/texmf-dist/tex/generic/babel/babel.def
File: babel.def 2016/04/23 3.9r Babel common definitions
\babel@savecnt=\count88
\U@D=\dimen103
)
Package babel Info: Making " an active character on input line 91.
Warning: You are using encoding OT1 instead of T1.
Some word breaks will not be found.
\leftllkern=\dimen104
\rightllkern=\dimen105
\raiselldim=\dimen106
)
(/usr/local/texlive/2016/texmf-dist/tex/generic/babel-english/english.ldf
Language: english 2012/08/20 v3.3p English support from the babel system
\l@canadian = a dialect from \language\l@american 
\l@australian = a dialect from \language\l@british 
\l@newzealand = a dialect from \language\l@british 
))
(./crop.sty
Package: crop 2003/05/20 v1.9 crop marks (mf)
\stockwidth=\dimen107
\stockheight=\dimen108
\CROP@index=\count89
 (/usr/local/texlive/2016/texmf-dist/tex/latex/graphics/color.sty
Package: color 2016/05/09 v1.1c Standard LaTeX Color (DPC)

(/usr/local/texlive/2016/texmf-dist/tex/latex/graphics-cfg/color.cfg
File: color.cfg 2016/01/02 v1.6 sample color configuration
)
Package color Info: Driver file: pdftex.def on input line 144.

(/usr/local/texlive/2016/texmf-dist/tex/latex/pdftex-def/pdftex.def
File: pdftex.def 2011/05/27 v0.06d Graphics/color for pdfTeX

(/usr/local/texlive/2016/texmf-dist/tex/generic/oberdiek/infwarerr.sty
Package: infwarerr 2016/05/16 v1.4 Providing info/warning/error messages (HO)
)
(/usr/local/texlive/2016/texmf-dist/tex/generic/oberdiek/ltxcmds.sty
Package: ltxcmds 2016/05/16 v1.23 LaTeX kernel commands for general use (HO)
)
\Gread@gobject=\count90
))
(/usr/local/texlive/2016/texmf-dist/tex/latex/graphics/graphics.sty
Package: graphics 2016/05/09 v1.0r Standard LaTeX Graphics (DPC,SPQR)

(/usr/local/texlive/2016/texmf-dist/tex/latex/graphics/trig.sty
Package: trig 2016/01/03 v1.10 sin cos tan (DPC)
)
(/usr/local/texlive/2016/texmf-dist/tex/latex/graphics-cfg/graphics.cfg
File: graphics.cfg 2016/01/02 v1.10 sample graphics configuration
)
Package graphics Info: Driver file: pdftex.def on input line 96.
)
\CROP@offset=\count91
Package crop Info: Local config file crop.cfg used on input line 605.

(/usr/local/texlive/2016/texmf-dist/tex/xelatex/xetexconfig/crop.cfg))
(/usr/local/texlive/2016/texmf-dist/tex/latex/graphics/graphicx.sty
Package: graphicx 2014/10/28 v1.0g Enhanced LaTeX Graphics (DPC,SPQR)

(/usr/local/texlive/2016/texmf-dist/tex/latex/graphics/keyval.sty
Package: keyval 2014/10/28 v1.15 key=value parser (DPC)
\KV@toks@=\toks16
)
\Gin@req@height=\dimen109
\Gin@req@width=\dimen110
)
(/usr/local/texlive/2016/texmf-dist/tex/latex/psnfss/times.sty
Package: times 2005/04/12 PSNFSS-v9.2a (SPQR) 
)
(/usr/local/texlive/2016/texmf-dist/tex/latex/base/makeidx.sty
Package: makeidx 2014/09/29 v1.0m Standard LaTeX package
)
\@indexfile=\write3
\openout3 = `thesis_main_doc.idx'.


Writing index file thesis_main_doc.idx
(/usr/local/texlive/2016/texmf-dist/tex/latex/amsmath/amsmath.sty
Package: amsmath 2016/03/10 v2.15b AMS math features
\@mathmargin=\skip43

For additional information on amsmath, use the `?' option.
(/usr/local/texlive/2016/texmf-dist/tex/latex/amsmath/amstext.sty
Package: amstext 2000/06/29 v2.01 AMS text

(/usr/local/texlive/2016/texmf-dist/tex/latex/amsmath/amsgen.sty
File: amsgen.sty 1999/11/30 v2.0 generic functions
\@emptytoks=\toks17
\ex@=\dimen111
))
(/usr/local/texlive/2016/texmf-dist/tex/latex/amsmath/amsbsy.sty
Package: amsbsy 1999/11/29 v1.2d Bold Symbols
\pmbraise@=\dimen112
)
(/usr/local/texlive/2016/texmf-dist/tex/latex/amsmath/amsopn.sty
Package: amsopn 2016/03/08 v2.02 operator names
)
\inf@bad=\count92
LaTeX Info: Redefining \frac on input line 199.
\uproot@=\count93
\leftroot@=\count94
LaTeX Info: Redefining \overline on input line 297.
\classnum@=\count95
\DOTSCASE@=\count96
LaTeX Info: Redefining \ldots on input line 394.
LaTeX Info: Redefining \dots on input line 397.
LaTeX Info: Redefining \cdots on input line 518.
\Mathstrutbox@=\box26
\strutbox@=\box27
\big@size=\dimen113
LaTeX Font Info:    Redeclaring font encoding OML on input line 634.
LaTeX Font Info:    Redeclaring font encoding OMS on input line 635.
\macc@depth=\count97
\c@MaxMatrixCols=\count98
\dotsspace@=\muskip10
\c@parentequation=\count99
\dspbrk@lvl=\count100
\tag@help=\toks18
\row@=\count101
\column@=\count102
\maxfields@=\count103
\andhelp@=\toks19
\eqnshift@=\dimen114
\alignsep@=\dimen115
\tagshift@=\dimen116
\tagwidth@=\dimen117
\totwidth@=\dimen118
\lineht@=\dimen119
\@envbody=\toks20
\multlinegap=\skip44
\multlinetaggap=\skip45
\mathdisplay@stack=\toks21
LaTeX Info: Redefining \[ on input line 2739.
LaTeX Info: Redefining \] on input line 2740.
)
(/usr/local/texlive/2016/texmf-dist/tex/latex/amsfonts/amssymb.sty
Package: amssymb 2013/01/14 v3.01 AMS font symbols

(/usr/local/texlive/2016/texmf-dist/tex/latex/amsfonts/amsfonts.sty
Package: amsfonts 2013/01/14 v3.01 Basic AMSFonts support
\symAMSa=\mathgroup4
\symAMSb=\mathgroup5
LaTeX Font Info:    Overwriting math alphabet `\mathfrak' in version `bold'
(Font)                  U/euf/m/n --> U/euf/b/n on input line 106.
))
(/usr/local/texlive/2016/texmf-dist/tex/latex/url/url.sty
\Urlmuskip=\muskip11
Package: url 2013/09/16  ver 3.4  Verb mode for urls, etc.
)
(./thesis_main_doc.aux)
\openout1 = `thesis_main_doc.aux'.

LaTeX Font Info:    Checking defaults for OML/cmm/m/it on input line 45.
LaTeX Font Info:    ... okay on input line 45.
LaTeX Font Info:    Checking defaults for T1/cmr/m/n on input line 45.
LaTeX Font Info:    ... okay on input line 45.
LaTeX Font Info:    Checking defaults for OT1/cmr/m/n on input line 45.
LaTeX Font Info:    ... okay on input line 45.
LaTeX Font Info:    Checking defaults for OMS/cmsy/m/n on input line 45.
LaTeX Font Info:    ... okay on input line 45.
LaTeX Font Info:    Checking defaults for OMX/cmex/m/n on input line 45.
LaTeX Font Info:    ... okay on input line 45.
LaTeX Font Info:    Checking defaults for U/cmr/m/n on input line 45.
LaTeX Font Info:    ... okay on input line 45.
LaTeX Font Info:    Try loading font information for OT1+ptm on input line 45.

(/usr/local/texlive/2016/texmf-dist/tex/latex/psnfss/ot1ptm.fd
File: ot1ptm.fd 2001/06/04 font definitions for OT1/ptm.
)
LaTeX Info: Redefining \l on input line 45.
LaTeX Info: Redefining \L on input line 45.

(/usr/local/texlive/2016/texmf-dist/tex/context/base/mkii/supp-pdf.mkii
[Loading MPS to PDF converter (version 2006.09.02).]
\scratchcounter=\count104
\scratchdimen=\dimen120
\scratchbox=\box28
\nofMPsegments=\count105
\nofMParguments=\count106
\everyMPshowfont=\toks22
\MPscratchCnt=\count107
\MPscratchDim=\dimen121
\MPnumerator=\count108
\makeMPintoPDFobject=\count109
\everyMPtoPDFconversion=\toks23
) (/usr/local/texlive/2016/texmf-dist/tex/generic/oberdiek/pdftexcmds.sty
Package: pdftexcmds 2016/05/10 v0.21 Utility functions of pdfTeX for LuaTeX (HO
)

(/usr/local/texlive/2016/texmf-dist/tex/generic/oberdiek/ifluatex.sty
Package: ifluatex 2016/05/16 v1.4 Provides the ifluatex switch (HO)
Package ifluatex Info: LuaTeX not detected.
)
(/usr/local/texlive/2016/texmf-dist/tex/generic/oberdiek/ifpdf.sty
Package: ifpdf 2016/05/14 v3.1 Provides the ifpdf switch
)
Package pdftexcmds Info: LuaTeX not detected.
Package pdftexcmds Info: \pdf@primitive is available.
Package pdftexcmds Info: \pdf@ifprimitive is available.
Package pdftexcmds Info: \pdfdraftmode found.
)
(/usr/local/texlive/2016/texmf-dist/tex/latex/oberdiek/epstopdf-base.sty
Package: epstopdf-base 2016/05/15 v2.6 Base part for package epstopdf

(/usr/local/texlive/2016/texmf-dist/tex/latex/oberdiek/grfext.sty
Package: grfext 2016/05/16 v1.2 Manage graphics extensions (HO)

(/usr/local/texlive/2016/texmf-dist/tex/generic/oberdiek/kvdefinekeys.sty
Package: kvdefinekeys 2016/05/16 v1.4 Define keys (HO)
))
(/usr/local/texlive/2016/texmf-dist/tex/latex/oberdiek/kvoptions.sty
Package: kvoptions 2016/05/16 v3.12 Key value format for package options (HO)

(/usr/local/texlive/2016/texmf-dist/tex/generic/oberdiek/kvsetkeys.sty
Package: kvsetkeys 2016/05/16 v1.17 Key value parser (HO)

(/usr/local/texlive/2016/texmf-dist/tex/generic/oberdiek/etexcmds.sty
Package: etexcmds 2016/05/16 v1.6 Avoid name clashes with e-TeX commands (HO)
Package etexcmds Info: Could not find \expanded.
(etexcmds)             That can mean that you are not using pdfTeX 1.50 or
(etexcmds)             that some package has redefined \expanded.
(etexcmds)             In the latter case, load this package earlier.
)))
Package grfext Info: Graphics extension search list:
(grfext)             [.png,.pdf,.jpg,.mps,.jpeg,.jbig2,.jb2,.PNG,.PDF,.JPG,.JPE
G,.JBIG2,.JB2,.eps]
(grfext)             \AppendGraphicsExtensions on input line 456.

(/usr/local/texlive/2016/texmf-dist/tex/latex/latexconfig/epstopdf-sys.cfg
File: epstopdf-sys.cfg 2010/07/13 v1.3 Configuration of (r)epstopdf for TeX Liv
e
))
Package crop Info: requested driver: `' on input line 45.
Package crop Info: detected driver: `pdftex' on input line 45.
Package crop Info: using `pdftex' graphics driver on input line 45.
LaTeX Font Info:    Try loading font information for OT1+phv on input line 48.

(/usr/local/texlive/2016/texmf-dist/tex/latex/psnfss/ot1phv.fd
File: ot1phv.fd 2001/06/04 scalable font definitions for OT1/phv.
)
LaTeX Font Info:    Try loading font information for U+msa on input line 48.

(/usr/local/texlive/2016/texmf-dist/tex/latex/amsfonts/umsa.fd
File: umsa.fd 2013/01/14 v3.01 AMS symbols A
)
LaTeX Font Info:    Try loading font information for U+msb on input line 48.

(/usr/local/texlive/2016/texmf-dist/tex/latex/amsfonts/umsb.fd
File: umsb.fd 2013/01/14 v3.01 AMS symbols B
)
<logo_upf.png, id=1, 240.9pt x 87.6876pt>
File: logo_upf.png Graphic file (type png)
 <use logo_upf.png>
Package pdftex.def Info: logo_upf.png used on input line 48.
(pdftex.def)             Requested size: 96.35828pt x 35.0744pt.
 [1{/usr/local/texlive/2016/texmf-var/fonts/map/pdftex/updmap/pdftex.map}





 <./logo_upf.png>]
[2


] [3] [4


] [5] [6


]
LaTeX Font Info:    Font shape `OT1/ptm/bx/n' in size <17.28> not available
(Font)              Font shape `OT1/ptm/b/n' tried instead on input line 63.
LaTeX Font Info:    Font shape `OT1/phv/bx/n' in size <17.28> not available
(Font)              Font shape `OT1/phv/b/n' tried instead on input line 63.

Overfull \hbox (1.30327pt too wide) in paragraph at lines 64--65
\OT1/ptm/m/n/12 The Spa-tial Reuse (SR) op-er-a-tion is gain-ing mo-men-tum in 
the newest IEEE 802.11
 []


Overfull \hbox (7.40082pt too wide) in paragraph at lines 64--65
\OT1/ptm/m/n/12 fam-ily of stan-dards due to the over-whelm-ing re-quire-ments 
posed by next-generation
 []


Underfull \vbox (badness 10000) has occurred while \output is active []

 [7]
[8] [9


] [10


]
LaTeX Font Info:    Font shape `OT1/ptm/bx/n' in size <24.88> not available
(Font)              Font shape `OT1/ptm/b/n' tried instead on input line 104.
 (./thesis_main_doc.toc
LaTeX Font Info:    Font shape `OT1/ptm/bx/n' in size <12> not available
(Font)              Font shape `OT1/ptm/b/n' tried instead on input line 5.

Overfull \hbox (3.27289pt too wide) in paragraph at lines 27--27
 [][] []\OT1/ptm/m/n/12 On the Per-for-mance of the Spa-tial Reuse Op-er-a-tion
 in IEEE 802.11 
 []

[11


]
Overfull \hbox (20.70845pt too wide) in paragraph at lines 31--31
 [][] []\OT1/ptm/m/n/12 A Flex-i-ble Machine-Learning-Aware Ar-chi-tec-ture for
 Fu-ture WLANs. 
 []


Overfull \hbox (1.79723pt too wide) in paragraph at lines 32--32
 [][] []\OT1/ptm/m/n/12 Komondor: a wire-less net-work sim-u-la-tor for next-ge
neration high- 
 []


Overfull \hbox (9.70482pt too wide) in paragraph at lines 33--33
 [][] []\OT1/ptm/m/n/12 Usage of Net-work Sim-u-la-tors in Machine-Learning-Ass
isted 5G/6G 
 []

)
\tf@toc=\write4
\openout4 = `thesis_main_doc.toc'.

 [12]
Chapter 1.

Overfull \hbox (13.97476pt too wide) in paragraph at lines 130--131
\OT1/ptm/m/n/12 Multi-User Multiple-Input-Multiple-Output (DL/UL MU-MIMO), and 
Spa-tial Reuse
 []

[1




]
Overfull \hbox (0.19978pt too wide) in paragraph at lines 148--149
\OT1/ptm/m/n/12 fer-ent de-vices) to fur-ther en-hance the qual-ity of the par-
al-lel trans-mis-sions achieved
 []

LaTeX Font Info:    Try loading font information for OMS+ptm on input line 156.

(/usr/local/texlive/2016/texmf-dist/tex/latex/psnfss/omsptm.fd
File: omsptm.fd 
)
LaTeX Font Info:    Font shape `OMS/ptm/m/n' in size <12> not available
(Font)              Font shape `OMS/cmsy/m/n' tried instead on input line 156.
 [2] [3]
[4


]
Chapter 2.
LaTeX Font Info:    Font shape `OT1/ptm/bx/n' in size <14.4> not available
(Font)              Font shape `OT1/ptm/b/n' tried instead on input line 177.

LaTeX Warning: Citation `li2011achieving' on page 5 undefined on input line 178
.


LaTeX Warning: Citation `jamil2016novel' on page 5 undefined on input line 178.



LaTeX Warning: Citation `nakahira2014centralized' on page 5 undefined on input 
line 178.


LaTeX Warning: Citation `jamil2016novel' on page 5 undefined on input line 178.



LaTeX Warning: Citation `chevillat2005dynamic' on page 5 undefined on input lin
e 180.


LaTeX Warning: Citation `tang2011improving' on page 5 undefined on input line 1
80.


LaTeX Warning: Citation `chau2017effective' on page 5 undefined on input line 1
80.


LaTeX Warning: Citation `wilhelmi2019collaborative' on page 5 undefined on inpu
t line 180.


LaTeX Warning: Citation `wilhelmi2019potential' on page 5 undefined on input li
ne 180.


LaTeX Warning: Citation `chevillat2005dynamic' on page 5 undefined on input lin
e 180.


LaTeX Warning: Citation `tang2011improving' on page 5 undefined on input line 1
80.


LaTeX Warning: Citation `chau2017effective' on page 5 undefined on input line 1
80.


LaTeX Warning: Citation `wilhelmi2019collaborative' on page 5 undefined on inpu
t line 180.


LaTeX Warning: Citation `wilhelmi2019potential' on page 5 undefined on input li
ne 180.


Overfull \hbox (4.6259pt too wide) in paragraph at lines 183--184
[]\OT1/ptm/m/n/12 [TO BE COM-PLETED AND REWRIT-TEN][] Con-cern-ing IEEE 802.11a
x WLANs,
 []


Overfull \hbox (58.47209pt too wide) in paragraph at lines 183--184
[]\OT1/ptm/m/n/12 ]. Fur-ther-more, the au-thors in [[], []]
 []


Overfull \hbox (7.38705pt too wide) in paragraph at lines 183--184
\OT1/ptm/m/n/12 com-bined DSC with BSS color schemes to de-vise fur-ther im-pro
ve-ments in WLANs. 
 []

[5]
Overfull \hbox (19.31436pt too wide) in paragraph at lines 191--192
[]\OT1/ptm/b/n/12 Other (to re-view): \OT1/ptm/m/n/12 [[]] [[]] [[]]
 []


Overfull \hbox (22.91681pt too wide) in paragraph at lines 191--192
\OT1/ptm/m/n/12 [[]] [[]] [[]] [[]]
 []


Overfull \hbox (8.433pt too wide) in paragraph at lines 191--192
\OT1/ptm/m/n/12 [[]] [[]] [[]] [[]]
 []


Overfull \hbox (5.75502pt too wide) in paragraph at lines 196--197
\OT1/ptm/m/n/12 The IEEE 802.11ax SR op-er-a-tion in-cludes two dif-fer-ent mec
h-a-nisms: \OT1/ptm/m/it/12 i) \OT1/ptm/b/n/12 OBSS/PD-
 []

[6] <images/example_obsspd_sr.pdf, id=66, 523.9575pt x 317.26529pt>
File: images/example_obsspd_sr.pdf Graphic file (type pdf)

<use images/example_obsspd_sr.pdf>
Package pdftex.def Info: images/example_obsspd_sr.pdf used on input line 210.
(pdftex.def)             Requested size: 312.00119pt x 188.92767pt.
 [7 <./images/example_obsspd_sr.pdf

pdfTeX warning: /Library/TeX/texbin/pdflatex (file ./images/example_obsspd_sr.p
df): PDF inclusion: invalid other resource which is no dict (key 'ProcSets', ty
pe <array>); ignored.
>] <images/example_psr.pdf, id=141, 523.9575pt x 319.1925pt>
File: images/example_psr.pdf Graphic file (type pdf)

<use images/example_psr.pdf>
Package pdftex.def Info: images/example_psr.pdf used on input line 230.
(pdftex.def)             Requested size: 312.00119pt x 190.0753pt.
LaTeX Font Info:    Try loading font information for OT1+pcr on input line 237.


(/usr/local/texlive/2016/texmf-dist/tex/latex/psnfss/ot1pcr.fd
File: ot1pcr.fd 2001/06/04 font definitions for OT1/pcr.
)
Underfull \hbox (badness 1881) in paragraph at lines 237--237
[][]\OT1/ptm/m/n/10 Approved ini-tial draft of PAR: $\OT1/pcr/m/n/10 https : / 
/ mentor . ieee . org / 802 . 11 / dcn / 18 /
 []

[8 <./images/example_psr.pdf

pdfTeX warning: /Library/TeX/texbin/pdflatex (file ./images/example_psr.pdf): P
DF inclusion: invalid other resource which is no dict (key 'ProcSets', type <ar
ray>); ignored.
>]
Overfull \hbox (3.82399pt too wide) in paragraph at lines 242--243
\OT1/ptm/m/n/12 tems [[]], and sched-uled trans-mis-sions [[]].
 []


Overfull \hbox (0.51178pt too wide) in paragraph at lines 245--246
\OT1/ptm/m/n/12 plex-ity of the prob-lem and the char-ac-ter-is-tics of dense W
LAN de-ploy-ments, which
 []

[9] [10


]
Chapter 3.
[11] [12


]
Chapter 4.

Overfull \hbox (3.15163pt too wide) in paragraph at lines 264--264
[]\OT1/ptm/b/n/17.28 Spatial Reuse through Con-tin-u-ous Time Markov
 []


Overfull \hbox (20.05087pt too wide) in paragraph at lines 275--275
[]\OT1/ptm/b/n/17.28 Architectural As-pects of Machine-Learning-Aware
 []

[13] [14


]
Chapter 5.
[15] [16


]
Chapter 6.
(./thesis_main_doc.bbl [17] [18


] [19] [20] [21]
Underfull \hbox (badness 10000) in paragraph at lines 195--198
[]\OT1/ptm/m/n/12 TGbe.  11-19-1779-06-00be-downlink-spatial-reuse-parameter-
 []

) [22]
Chapter 7.

Overfull \hbox (10.52888pt too wide) in paragraph at lines 304--304
[]\OT1/ptm/b/n/17.28 Implications of de-cen-tral-ized Q-learning re-source
 []


Overfull \hbox (1.47424pt too wide) in paragraph at lines 310--310
\OT1/ptm/b/n/17.28 ture for Fu-ture WLANs. IEEE Com-mu-ni-ca-tions
 []


Overfull \hbox (14.33116pt too wide) in paragraph at lines 312--312
[]\OT1/ptm/b/n/17.28 Komondor: a wire-less net-work sim-u-la-tor for next-
 []


Overfull \hbox (26.7555pt too wide) in paragraph at lines 314--314
[]\OT1/ptm/b/n/17.28 Usage of Net-work Sim-u-la-tors in Machine-Learning-
 []


Underfull \vbox (badness 10000) has occurred while \output is active []

 [23


]
Overfull \vbox (41.67955pt too high) has occurred while \output is active []


[24]
No file thesis_main_doc.ind.
(./thesis_main_doc.aux)

LaTeX Warning: There were undefined references.

 ) 
Here is how much of TeX's memory you used:
 3468 strings out of 493014
 46536 string characters out of 6133351
 116488 words of memory out of 5000000
 6895 multiletter control sequences out of 15000+600000
 36923 words of font info for 80 fonts, out of 8000000 for 9000
 1142 hyphenation exceptions out of 8191
 38i,15n,26p,1042b,306s stack positions out of 5000i,500n,10000p,200000b,80000s
{/usr/local/texlive/2016/texmf-dist/fonts/enc/dvips/base/8r.enc}</usr/local/t
exlive/2016/texmf-dist/fonts/type1/public/amsfonts/cm/cmmi12.pfb></usr/local/te
xlive/2016/texmf-dist/fonts/type1/public/amsfonts/cm/cmmi8.pfb></usr/local/texl
ive/2016/texmf-dist/fonts/type1/public/amsfonts/cm/cmr12.pfb></usr/local/texliv
e/2016/texmf-dist/fonts/type1/public/amsfonts/cm/cmr7.pfb></usr/local/texlive/2
016/texmf-dist/fonts/type1/public/amsfonts/cm/cmr8.pfb></usr/local/texlive/2016
/texmf-dist/fonts/type1/public/amsfonts/cm/cmsy10.pfb></usr/local/texlive/2016/
texmf-dist/fonts/type1/urw/courier/ucrr8a.pfb></usr/local/texlive/2016/texmf-di
st/fonts/type1/urw/helvetic/uhvb8a.pfb></usr/local/texlive/2016/texmf-dist/font
s/type1/urw/helvetic/uhvr8a.pfb></usr/local/texlive/2016/texmf-dist/fonts/type1
/urw/times/utmb8a.pfb></usr/local/texlive/2016/texmf-dist/fonts/type1/urw/times
/utmr8a.pfb></usr/local/texlive/2016/texmf-dist/fonts/type1/urw/times/utmri8a.p
fb>
Output written on thesis_main_doc.pdf (36 pages, 618081 bytes).
PDF statistics:
 328 PDF objects out of 1000 (max. 8388607)
 230 compressed objects within 3 object streams
 0 named destinations out of 1000 (max. 500000)
 16 words of extra memory for PDF output out of 10000 (max. 10000000)

